<?xml version="1.0" encoding="UTF-8"?>
<testsuite xmlns:xsi="http://www.w3.org/2001/XMLSchema-instance" xsi:noNamespaceSchemaLocation="https://maven.apache.org/surefire/maven-surefire-plugin/xsd/surefire-test-report.xsd" version="3.0.2" name="com.calculator.MemoryManagerTest" time="0.035" tests="6" errors="0" skipped="0" failures="0">
  <properties>
[...]
</properties>
  <testcase name="memorySubtract" classname="com.calculator.MemoryManagerTest" time="0.016"/>
  <testcase name="initialStateEmpty" classname="com.calculator.MemoryManagerTest" time="0.002"/>
  <testcase name="memoryStoreOverwrites" classname="com.calculator.MemoryManagerTest" time="0.001"/>
  <testcase name="memoryClear" classname="com.calculator.MemoryManagerTest" time="0.001"/>
  <testcase name="memoryStore" classname="com.calculator.MemoryManagerTest" time="0.001"/>
  <testcase name="memoryAdd" classname="com.calculator.MemoryManagerTest" time="0.001"/>
</testsuite>